<?xml version="1.0" encoding="UTF-8"?>
<testsuite name="chunkserver.ChunkFilenameTest" tests="2" skipped="0" failures="0" errors="0" timestamp="2021-09-28T02:02:18" hostname="Matthews-MacBook-Pro.local" time="0.002">
  <properties/>
  <testcase name="testConstructFromChunkFilename()" classname="chunkserver.ChunkFilenameTest" time="0.001"/>
  <testcase name="testAssignmentExample()" classname="chunkserver.ChunkFilenameTest" time="0.001"/>
  <system-out><![CDATA[]]></system-out>
  <system-err><![CDATA[]]></system-err>
</testsuite>
