<?xml version="1.0" encoding="UTF-8"?>
<testsuite name="messaging.ChunkStoreResponseTest" tests="1" skipped="0" failures="0" errors="0" timestamp="2021-09-28T02:02:19" hostname="Matthews-MacBook-Pro.local" time="0.0">
  <properties/>
  <testcase name="testMarshalToUnmarshal()" classname="messaging.ChunkStoreResponseTest" time="0.0"/>
  <system-out><![CDATA[]]></system-out>
  <system-err><![CDATA[]]></system-err>
</testsuite>
