<?xml version="1.0" encoding="UTF-8"?>
<testsuite name="controller.ChunkServerMetadataTest" tests="2" skipped="0" failures="0" errors="0" timestamp="2021-09-28T02:02:18" hostname="Matthews-MacBook-Pro.local" time="0.002">
  <properties/>
  <testcase name="testEquals()" classname="controller.ChunkServerMetadataTest" time="0.0"/>
  <testcase name="testConstructor()" classname="controller.ChunkServerMetadataTest" time="0.001"/>
  <system-out><![CDATA[]]></system-out>
  <system-err><![CDATA[]]></system-err>
</testsuite>
