<?xml version="1.0" encoding="UTF-8"?>
<testsuite name="messaging.MessageFactoryTest" tests="2" skipped="0" failures="0" errors="0" timestamp="2021-09-28T02:02:19" hostname="Matthews-MacBook-Pro.local" time="0.003">
  <properties/>
  <testcase name="testCreateMessage()" classname="messaging.MessageFactoryTest" time="0.002"/>
  <testcase name="testGetInstance()" classname="messaging.MessageFactoryTest" time="0.0"/>
  <system-out><![CDATA[]]></system-out>
  <system-err><![CDATA[]]></system-err>
</testsuite>
