<?xml version="1.0" encoding="UTF-8"?>
<testsuite name="client.FileLoaderTest" tests="7" skipped="0" failures="0" errors="0" timestamp="2021-09-28T02:02:19" hostname="Matthews-MacBook-Pro.local" time="0.019">
  <properties/>
  <testcase name="testConstructorExistentFile()" classname="client.FileLoaderTest" time="0.002"/>
  <testcase name="testReadChunk680KBfile()" classname="client.FileLoaderTest" time="0.005"/>
  <testcase name="testConstructorFileNotExists()" classname="client.FileLoaderTest" time="0.001"/>
  <testcase name="testReadChunkEmptyFile()" classname="client.FileLoaderTest" time="0.001"/>
  <testcase name="testReadChunk35KBfile()" classname="client.FileLoaderTest" time="0.002"/>
  <testcase name="testReadChunk64KBfile()" classname="client.FileLoaderTest" time="0.001"/>
  <testcase name="testReadChunk100KBfile()" classname="client.FileLoaderTest" time="0.003"/>
  <system-out><![CDATA[INFO	client.FileLoader               	[Test worker]	Read chunk of size 64000 bytes
INFO	client.FileLoader               	[Test worker]	Read chunk of size 64000 bytes
INFO	client.FileLoader               	[Test worker]	Read chunk of size 64000 bytes
INFO	client.FileLoader               	[Test worker]	Read chunk of size 64000 bytes
INFO	client.FileLoader               	[Test worker]	Read chunk of size 64000 bytes
INFO	client.FileLoader               	[Test worker]	Read chunk of size 64000 bytes
INFO	client.FileLoader               	[Test worker]	Read chunk of size 64000 bytes
INFO	client.FileLoader               	[Test worker]	Read chunk of size 64000 bytes
INFO	client.FileLoader               	[Test worker]	Read chunk of size 64000 bytes
INFO	client.FileLoader               	[Test worker]	Read chunk of size 64000 bytes
INFO	client.FileLoader               	[Test worker]	Read chunk of size 40000 bytes
INFO	client.FileLoader               	[Test worker]	Finished reading final chunk of file "/Users/matthewernst/distribufile/src/test/resources/input_680kb.data"
INFO	client.FileLoader               	[Test worker]	Finished reading final chunk of file "/Users/matthewernst/distribufile/src/test/resources/input_0kb.data"
INFO	client.FileLoader               	[Test worker]	Read chunk of size 35000 bytes
INFO	client.FileLoader               	[Test worker]	Finished reading final chunk of file "/Users/matthewernst/distribufile/src/test/resources/input_35kb.data"
INFO	client.FileLoader               	[Test worker]	Read chunk of size 64000 bytes
INFO	client.FileLoader               	[Test worker]	Finished reading final chunk of file "/Users/matthewernst/distribufile/src/test/resources/input_64kb.data"
INFO	client.FileLoader               	[Test worker]	Read chunk of size 64000 bytes
INFO	client.FileLoader               	[Test worker]	Read chunk of size 36000 bytes
INFO	client.FileLoader               	[Test worker]	Finished reading final chunk of file "/Users/matthewernst/distribufile/src/test/resources/input_100kb.data"
]]></system-out>
  <system-err><![CDATA[]]></system-err>
</testsuite>
