<?xml version="1.0" encoding="UTF-8"?>
<testsuite name="util.HostTest" tests="2" skipped="0" failures="0" errors="0" timestamp="2021-09-28T02:02:18" hostname="Matthews-MacBook-Pro.local" time="0.211">
  <properties/>
  <testcase name="testGetHostHostname()" classname="util.HostTest" time="0.21"/>
  <testcase name="testGetHostIpAddress()" classname="util.HostTest" time="0.001"/>
  <system-out><![CDATA[]]></system-out>
  <system-err><![CDATA[]]></system-err>
</testsuite>
